<?xml version="1.0" encoding="UTF-8"?>
<!-- Generated by org.testng.reporters.JUnitReportReporter -->
<testsuite skipped="0" hostname="EN62912" name="co.endava.caluculator.AddIT" tests="3" failures="0" timestamp="03 Aug 2017 13:42:09 GMT" time="0.000" errors="0">
  <testcase name="addLongTest" time="0.000" classname="co.endava.caluculator.AddIT"/>
  <testcase name="addIntegerTest" time="0.000" classname="co.endava.caluculator.AddIT"/>
  <testcase name="addDoubleTest" time="0.000" classname="co.endava.caluculator.AddIT"/>
</testsuite> <!-- co.endava.caluculator.AddIT -->
