<?xml version="1.0" encoding="UTF-8"?>
<!-- Generated by org.testng.reporters.JUnitReportReporter -->
<testsuite skipped="0" hostname="EN62912" name="co.endava.caluculator.FactTest" tests="1" failures="0" timestamp="03 Aug 2017 13:42:04 GMT" time="0.000" errors="0">
  <testcase name="factorial" time="0.000" classname="co.endava.caluculator.FactTest"/>
</testsuite> <!-- co.endava.caluculator.FactTest -->
